Base path: 'C:/Program Files/Unity/Hub/Editor/2019.4.1f1/Editor/Data', plugins path 'C:/Program Files/Unity/Hub/Editor/2019.4.1f1/Editor/Data/PlaybackEngines'
Cmd: initializeCompiler
Cmd: preprocess
  insize=1426 outsize=667 ok=1
Cmd: preprocess
  insize=1431 outsize=378 ok=1
Cmd: preprocess
  insize=542 outsize=1332 ok=1
Cmd: preprocess
  insize=3158 outsize=791 ok=1
Cmd: preprocess
  insize=2238 outsize=530 ok=1
Cmd: preprocess
  insize=1393 outsize=1520 ok=1
Cmd: preprocess
  insize=2031 outsize=717 ok=1
Cmd: preprocess
  insize=5198 outsize=3811 ok=1
Cmd: preprocess
  insize=1134 outsize=522 ok=1
Cmd: preprocess
  insize=1355 outsize=468 ok=1
Cmd: preprocess
  insize=1162 outsize=465 ok=1
Cmd: preprocess
  insize=1177 outsize=495 ok=1
Cmd: preprocess
  insize=1979 outsize=611 ok=1
Cmd: preprocess
  insize=1149 outsize=424 ok=1
Cmd: preprocess
  insize=1518 outsize=431 ok=1
Cmd: preprocess
  insize=1396 outsize=451 ok=1
Cmd: preprocess
  insize=1746 outsize=1235 ok=1
Cmd: preprocess
  insize=4309 outsize=817 ok=1
Cmd: preprocess
  insize=777 outsize=777 ok=1
Cmd: preprocess
  insize=1559 outsize=536 ok=1
Cmd: preprocess
  insize=887 outsize=313 ok=1
Cmd: preprocessCompute
  insize=7690 outsize=7692 ok=1
Cmd: preprocessCompute
  insize=7292 outsize=7294 ok=1
Cmd: preprocess
  insize=40219 outsize=623 ok=1
Cmd: preprocess
  insize=40219 outsize=623 ok=1
Cmd: preprocessCompute
  insize=8677 outsize=8679 ok=1
Cmd: preprocessCompute
  insize=8248 outsize=8250 ok=1
Cmd: preprocessCompute
  insize=7422 outsize=7424 ok=1
Cmd: preprocessCompute
  insize=8248 outsize=8250 ok=1
Cmd: preprocessCompute
  insize=7695 outsize=7697 ok=1
Cmd: preprocessCompute
  insize=5778 outsize=5780 ok=1
Cmd: preprocess
  insize=40231 outsize=618 ok=1
Cmd: preprocess
  insize=40215 outsize=619 ok=1
Cmd: preprocessCompute
  insize=8057 outsize=8059 ok=1
Cmd: preprocessCompute
  insize=7292 outsize=7294 ok=1
Cmd: preprocessCompute
  insize=7225 outsize=7227 ok=1
Cmd: preprocessCompute
  insize=7290 outsize=7292 ok=1
Cmd: preprocessCompute
  insize=8150 outsize=8152 ok=1
Cmd: preprocessCompute
  insize=5778 outsize=5780 ok=1
Cmd: preprocess
  insize=40229 outsize=616 ok=1
Cmd: preprocess
  insize=40213 outsize=617 ok=1
Cmd: preprocessCompute
  insize=8512 outsize=8514 ok=1
Cmd: preprocessCompute
  insize=7292 outsize=7294 ok=1
Cmd: preprocess
  insize=40209 outsize=616 ok=1
Cmd: preprocess
  insize=29811 outsize=1689 ok=1
Cmd: preprocess
  insize=29049 outsize=1684 ok=1
Cmd: preprocess
  insize=31478 outsize=1885 ok=1
Cmd: preprocess
  insize=47579 outsize=2675 ok=1
Cmd: preprocess
  insize=47055 outsize=2561 ok=1
Cmd: preprocess
  insize=811 outsize=209 ok=1
Cmd: preprocess
  insize=50006 outsize=2540 ok=1
Cmd: preprocess
  insize=811 outsize=209 ok=1
Cmd: preprocess
  insize=50006 outsize=2540 ok=1
Cmd: preprocess
  insize=811 outsize=209 ok=1
Cmd: preprocess
  insize=811 outsize=209 ok=1
Cmd: preprocess
  insize=811 outsize=209 ok=1
Cmd: preprocess
  insize=811 outsize=209 ok=1
Cmd: preprocess
  insize=811 outsize=209 ok=1
Cmd: preprocess
  insize=811 outsize=209 ok=1
Cmd: preprocess
  insize=811 outsize=209 ok=1
Cmd: preprocess
  insize=811 outsize=209 ok=1
Cmd: preprocess
  insize=811 outsize=209 ok=1
Cmd: preprocess
  insize=811 outsize=209 ok=1
Cmd: preprocess
  insize=811 outsize=209 ok=1
Cmd: preprocess
  insize=811 outsize=209 ok=1
Cmd: preprocess
  insize=811 outsize=209 ok=1
Cmd: preprocess
  insize=811 outsize=209 ok=1
Cmd: preprocess
  insize=811 outsize=209 ok=1
Cmd: preprocess
  insize=811 outsize=209 ok=1
Cmd: preprocess
  insize=32600 outsize=1868 ok=1
Cmd: preprocess
  insize=3445 outsize=546 ok=1
Cmd: preprocess
  insize=3722 outsize=555 ok=1
Cmd: preprocess
  insize=4715 outsize=550 ok=1
Cmd: preprocess
  insize=5122 outsize=549 ok=1
Cmd: preprocess
  insize=3981 outsize=559 ok=1
Cmd: preprocess
  insize=6136 outsize=549 ok=1
Cmd: preprocess
  insize=3975 outsize=559 ok=1
Cmd: preprocess
  insize=4252 outsize=552 ok=1
Cmd: preprocess
  insize=811 outsize=209 ok=1
Cmd: preprocess
  insize=811 outsize=209 ok=1
Cmd: preprocess
  insize=811 outsize=209 ok=1
Cmd: preprocess
  insize=30042 outsize=1672 ok=1
Cmd: preprocess
  insize=3689 outsize=360 ok=1
Cmd: preprocess
  insize=811 outsize=209 ok=1
Cmd: preprocess
  insize=811 outsize=209 ok=1
Cmd: preprocess
  insize=811 outsize=209 ok=1
Cmd: preprocess
  insize=50315 outsize=2661 ok=1
Cmd: compileSnippet
  error: 1 plat 4 at (130): implicit truncation of vector type\nCompiling Vertex program with _ADDITIONAL_LIGHTS
Platform defines: UNITY_ENABLE_REFLECTION_BUFFERS UNITY_USE_DITHER_MASK_FOR_ALPHABLENDED_SHADOWS UNITY_PBS_USE_BRDF1 UNITY_SPECCUBE_BOX_PROJECTION UNITY_SPECCUBE_BLENDING UNITY_ENABLE_DETAIL_NORMALMAP SHADER_API_DESKTOP UNITY_LIGHT_PROBE_PROXY_VOLUME UNITY_LIGHTMAP_RGBM_ENCODING
  api=4 type=0 insize=12762 outsize=1974 kw=_ADDITIONAL_LIGHTS pd=UNITY_ENABLE_REFLECTION_BUFFERS UNITY_USE_DITHER_MASK_FOR_ALPHABLENDED_SHADOWS UNITY_PBS_USE_BRDF1 UNITY_SPECCUBE_BOX_PROJECTION UNITY_SPECCUBE_BLENDING UNITY_ENABLE_DETAIL_NORMALMAP SHADER_API_DESKTOP UNITY_LIGHT_PROBE_PROXY_VOLUME UNITY_LIGHTMAP_RGBM_ENCODING ok=1
Cmd: compileSnippet
  error: 1 plat 4 at (130): implicit truncation of vector type\nCompiling Fragment program with _ADDITIONAL_LIGHTS
Platform defines: UNITY_ENABLE_REFLECTION_BUFFERS UNITY_USE_DITHER_MASK_FOR_ALPHABLENDED_SHADOWS UNITY_PBS_USE_BRDF1 UNITY_SPECCUBE_BOX_PROJECTION UNITY_SPECCUBE_BLENDING UNITY_ENABLE_DETAIL_NORMALMAP SHADER_API_DESKTOP UNITY_LIGHT_PROBE_PROXY_VOLUME UNITY_LIGHTMAP_RGBM_ENCODING
  api=4 type=1 insize=12762 outsize=4142 kw=_ADDITIONAL_LIGHTS pd=UNITY_ENABLE_REFLECTION_BUFFERS UNITY_USE_DITHER_MASK_FOR_ALPHABLENDED_SHADOWS UNITY_PBS_USE_BRDF1 UNITY_SPECCUBE_BOX_PROJECTION UNITY_SPECCUBE_BLENDING UNITY_ENABLE_DETAIL_NORMALMAP SHADER_API_DESKTOP UNITY_LIGHT_PROBE_PROXY_VOLUME UNITY_LIGHTMAP_RGBM_ENCODING ok=1
